<?xml version="1.0" encoding="UTF-8"?>
<!-- Generated by org.testng.reporters.JUnitReportReporter -->
<testsuite hostname="DESKTOP-MKGSUNF" failures="0" tests="9" name="test12.Testng_Enable" time="4.542" errors="0" timestamp="2023-08-03T17:22:13 IST" skipped="1">
  <testcase classname="test12.Testng_Enable" name="TestA" time="0.003"/>
  <testcase classname="test12.Testng_Enable" name="TestB" time="4.518"/>
  <testcase classname="test12.Testng_Enable" name="TestC" time="0.000"/>
  <testcase classname="test12.Testng_Enable" name="TestD" time="0.000"/>
  <testcase classname="test12.Testng_Enable" name="TestD" time="0.008"/>
  <testcase classname="test12.Testng_Enable" name="TestD" time="0.000"/>
  <testcase classname="test12.Testng_Enable" name="TestD" time="0.012"/>
  <testcase classname="test12.Testng_Enable" name="TestD" time="0.001"/>
  <testcase classname="test12.Testng_Enable" name="TestE">
    <skipped/>
  </testcase> <!-- TestE -->
</testsuite> <!-- test12.Testng_Enable -->
