<?xml version="1.0" encoding="UTF-8"?>
<!-- Generated by org.testng.reporters.JUnitReportReporter -->
<testsuite hostname="DESKTOP-MKGSUNF" failures="0" tests="5" name="test12.TestNg" time="0.024" errors="0" timestamp="2023-08-03T17:22:13 IST" skipped="0">
  <testcase classname="test12.TestNg" name="TestA" time="0.003"/>
  <testcase classname="test12.TestNg" name="TestB" time="0.011"/>
  <testcase classname="test12.TestNg" name="TestC" time="0.003"/>
  <testcase classname="test12.TestNg" name="TestD" time="0.005"/>
  <testcase classname="test12.TestNg" name="TestE" time="0.002"/>
</testsuite> <!-- test12.TestNg -->
