<?xml version="1.0" encoding="UTF-8"?>
<!-- Generated by org.testng.reporters.JUnitReportReporter -->
<testsuite hostname="DESKTOP-MKGSUNF" failures="0" tests="12" name="test12.Testng_Innvocation" time="0.036" errors="0" timestamp="2023-08-03T17:22:13 IST" skipped="0">
  <testcase classname="test12.Testng_Innvocation" name="TestA" time="0.002"/>
  <testcase classname="test12.Testng_Innvocation" name="TestA" time="0.008"/>
  <testcase classname="test12.Testng_Innvocation" name="TestB" time="0.003"/>
  <testcase classname="test12.Testng_Innvocation" name="TestB" time="0.004"/>
  <testcase classname="test12.Testng_Innvocation" name="TestB" time="0.004"/>
  <testcase classname="test12.Testng_Innvocation" name="TestC" time="0.004"/>
  <testcase classname="test12.Testng_Innvocation" name="TestD" time="0.001"/>
  <testcase classname="test12.Testng_Innvocation" name="TestD" time="0.001"/>
  <testcase classname="test12.Testng_Innvocation" name="TestD" time="0.001"/>
  <testcase classname="test12.Testng_Innvocation" name="TestD" time="0.003"/>
  <testcase classname="test12.Testng_Innvocation" name="TestD" time="0.003"/>
  <testcase classname="test12.Testng_Innvocation" name="TestE" time="0.002"/>
</testsuite> <!-- test12.Testng_Innvocation -->
