<?xml version="1.0" encoding="UTF-8"?>
<!-- Generated by org.testng.reporters.JUnitReportReporter -->
<testsuite hostname="DESKTOP-MKGSUNF" failures="0" tests="4" name="test12.Amazon_29" time="38.489" errors="0" timestamp="2023-08-03T17:22:13 IST" skipped="0">
  <testcase classname="test12.Amazon_29" name="ToverifytheTaskButton1" time="12.848"/>
  <testcase classname="test12.Amazon_29" name="ToverifytheTaskButton2" time="10.825"/>
  <testcase classname="test12.Amazon_29" name="ToverifytheTaskButton" time="6.606"/>
  <testcase classname="test12.Amazon_29" name="ToverifytheTsakButton3" time="8.210"/>
</testsuite> <!-- test12.Amazon_29 -->
